mode: set
github.com/lemondevxyz/ft/internal/model/fs.go:27.64,29.2 1 1
github.com/lemondevxyz/ft/internal/model/fs.go:31.50,40.23 2 1
github.com/lemondevxyz/ft/internal/model/fs.go:44.2,44.10 1 1
github.com/lemondevxyz/ft/internal/model/fs.go:40.23,42.3 1 1
github.com/lemondevxyz/ft/internal/model/fs.go:47.51,49.2 1 1
github.com/lemondevxyz/ft/internal/model/logger.go:14.27,14.43 1 1
github.com/lemondevxyz/ft/internal/model/logger.go:15.27,15.45 1 1
github.com/lemondevxyz/ft/internal/model/logger.go:17.44,21.2 3 1
github.com/lemondevxyz/ft/internal/model/logger.go:23.50,27.2 3 1
github.com/lemondevxyz/ft/internal/model/logger.go:29.58,31.18 2 1
github.com/lemondevxyz/ft/internal/model/logger.go:34.2,34.12 1 1
github.com/lemondevxyz/ft/internal/model/logger.go:31.18,33.3 1 1
github.com/lemondevxyz/ft/internal/model/logger.go:37.44,39.18 2 1
github.com/lemondevxyz/ft/internal/model/logger.go:43.2,43.12 1 1
github.com/lemondevxyz/ft/internal/model/logger.go:39.18,42.3 1 1
github.com/lemondevxyz/ft/internal/model/logger.go:46.57,48.18 2 1
github.com/lemondevxyz/ft/internal/model/logger.go:52.2,52.12 1 1
github.com/lemondevxyz/ft/internal/model/logger.go:48.18,51.3 1 1
github.com/lemondevxyz/ft/internal/model/logger.go:55.43,57.18 2 1
github.com/lemondevxyz/ft/internal/model/logger.go:60.2,60.12 1 1
github.com/lemondevxyz/ft/internal/model/logger.go:57.18,59.3 1 1
github.com/lemondevxyz/ft/internal/model/logger.go:63.60,65.18 2 1
github.com/lemondevxyz/ft/internal/model/logger.go:68.2,68.12 1 1
github.com/lemondevxyz/ft/internal/model/logger.go:65.18,67.3 1 1
github.com/lemondevxyz/ft/internal/model/logger.go:71.46,73.18 2 1
github.com/lemondevxyz/ft/internal/model/logger.go:76.2,76.12 1 1
github.com/lemondevxyz/ft/internal/model/logger.go:73.18,75.3 1 1
github.com/lemondevxyz/ft/internal/model/logger.go:79.58,81.18 2 1
github.com/lemondevxyz/ft/internal/model/logger.go:84.2,84.12 1 1
github.com/lemondevxyz/ft/internal/model/logger.go:81.18,83.3 1 1
github.com/lemondevxyz/ft/internal/model/logger.go:87.44,89.18 2 1
github.com/lemondevxyz/ft/internal/model/logger.go:92.2,92.12 1 1
github.com/lemondevxyz/ft/internal/model/logger.go:89.18,91.3 1 1
github.com/lemondevxyz/ft/internal/model/logger.go:95.32,99.2 3 1
github.com/lemondevxyz/ft/internal/model/operation.go:35.61,35.77 1 1
github.com/lemondevxyz/ft/internal/model/operation.go:44.49,46.2 1 1
github.com/lemondevxyz/ft/internal/model/operation.go:108.59,110.87 2 1
github.com/lemondevxyz/ft/internal/model/operation.go:125.2,125.16 1 1
github.com/lemondevxyz/ft/internal/model/operation.go:129.2,129.17 1 1
github.com/lemondevxyz/ft/internal/model/operation.go:110.87,111.17 1 1
github.com/lemondevxyz/ft/internal/model/operation.go:115.3,115.20 1 1
github.com/lemondevxyz/ft/internal/model/operation.go:123.3,123.13 1 1
github.com/lemondevxyz/ft/internal/model/operation.go:111.17,113.4 1 1
github.com/lemondevxyz/ft/internal/model/operation.go:115.20,121.4 1 1
github.com/lemondevxyz/ft/internal/model/operation.go:125.16,127.3 1 1
github.com/lemondevxyz/ft/internal/model/operation.go:134.68,136.16 2 1
github.com/lemondevxyz/ft/internal/model/operation.go:140.2,141.27 2 1
github.com/lemondevxyz/ft/internal/model/operation.go:147.2,147.25 1 1
github.com/lemondevxyz/ft/internal/model/operation.go:153.2,153.21 1 1
github.com/lemondevxyz/ft/internal/model/operation.go:136.16,138.3 1 1
github.com/lemondevxyz/ft/internal/model/operation.go:141.27,143.3 1 1
github.com/lemondevxyz/ft/internal/model/operation.go:143.8,145.3 1 1
github.com/lemondevxyz/ft/internal/model/operation.go:147.25,151.3 3 1
github.com/lemondevxyz/ft/internal/model/operation.go:172.69,183.19 2 1
github.com/lemondevxyz/ft/internal/model/operation.go:187.2,187.24 1 1
github.com/lemondevxyz/ft/internal/model/operation.go:193.2,193.16 1 1
github.com/lemondevxyz/ft/internal/model/operation.go:183.19,185.3 1 1
github.com/lemondevxyz/ft/internal/model/operation.go:187.24,188.55 1 1
github.com/lemondevxyz/ft/internal/model/operation.go:188.55,190.4 1 1
github.com/lemondevxyz/ft/internal/model/operation.go:197.47,201.2 3 1
github.com/lemondevxyz/ft/internal/model/operation.go:204.51,206.2 1 1
github.com/lemondevxyz/ft/internal/model/operation.go:209.51,212.2 2 1
github.com/lemondevxyz/ft/internal/model/operation.go:215.36,220.2 3 1
github.com/lemondevxyz/ft/internal/model/operation.go:224.44,226.2 1 1
github.com/lemondevxyz/ft/internal/model/operation.go:229.35,230.27 1 1
github.com/lemondevxyz/ft/internal/model/operation.go:234.2,238.12 4 1
github.com/lemondevxyz/ft/internal/model/operation.go:230.27,232.3 1 1
github.com/lemondevxyz/ft/internal/model/operation.go:246.34,248.43 2 1
github.com/lemondevxyz/ft/internal/model/operation.go:252.2,257.12 5 1
github.com/lemondevxyz/ft/internal/model/operation.go:248.43,250.3 1 1
github.com/lemondevxyz/ft/internal/model/operation.go:261.35,262.27 1 1
github.com/lemondevxyz/ft/internal/model/operation.go:268.2,268.59 1 1
github.com/lemondevxyz/ft/internal/model/operation.go:262.27,266.3 3 1
github.com/lemondevxyz/ft/internal/model/operation.go:274.34,277.24 3 1
github.com/lemondevxyz/ft/internal/model/operation.go:281.2,281.13 1 1
github.com/lemondevxyz/ft/internal/model/operation.go:277.24,279.3 1 1
github.com/lemondevxyz/ft/internal/model/operation.go:285.36,287.24 2 1
github.com/lemondevxyz/ft/internal/model/operation.go:295.2,297.59 2 1
github.com/lemondevxyz/ft/internal/model/operation.go:287.24,294.3 6 1
github.com/lemondevxyz/ft/internal/model/operation.go:302.44,307.2 4 1
github.com/lemondevxyz/ft/internal/model/operation.go:310.42,312.2 1 1
github.com/lemondevxyz/ft/internal/model/operation.go:315.33,317.2 1 1
github.com/lemondevxyz/ft/internal/model/operation.go:320.46,322.2 1 1
github.com/lemondevxyz/ft/internal/model/operation.go:324.37,326.18 2 1
github.com/lemondevxyz/ft/internal/model/operation.go:329.2,330.16 2 1
github.com/lemondevxyz/ft/internal/model/operation.go:326.18,328.3 1 1
github.com/lemondevxyz/ft/internal/model/operation.go:335.37,339.2 3 1
github.com/lemondevxyz/ft/internal/model/operation.go:341.45,345.2 3 1
github.com/lemondevxyz/ft/internal/model/operation.go:347.39,353.2 4 1
github.com/lemondevxyz/ft/internal/model/operation.go:355.62,364.15 7 1
github.com/lemondevxyz/ft/internal/model/operation.go:364.15,368.3 3 1
github.com/lemondevxyz/ft/internal/model/operation.go:371.44,376.2 3 1
github.com/lemondevxyz/ft/internal/model/operation.go:380.26,384.6 3 1
github.com/lemondevxyz/ft/internal/model/operation.go:466.2,469.19 3 1
github.com/lemondevxyz/ft/internal/model/operation.go:384.6,389.24 4 1
github.com/lemondevxyz/ft/internal/model/operation.go:393.3,398.31 4 1
github.com/lemondevxyz/ft/internal/model/operation.go:402.3,402.31 1 1
github.com/lemondevxyz/ft/internal/model/operation.go:408.3,409.29 2 1
github.com/lemondevxyz/ft/internal/model/operation.go:411.3,412.32 2 1
github.com/lemondevxyz/ft/internal/model/operation.go:418.3,420.60 2 1
github.com/lemondevxyz/ft/internal/model/operation.go:425.3,426.17 2 1
github.com/lemondevxyz/ft/internal/model/operation.go:431.3,434.26 3 1
github.com/lemondevxyz/ft/internal/model/operation.go:438.3,444.39 3 1
github.com/lemondevxyz/ft/internal/model/operation.go:449.3,452.31 3 1
github.com/lemondevxyz/ft/internal/model/operation.go:460.3,463.27 3 1
github.com/lemondevxyz/ft/internal/model/operation.go:389.24,390.9 1 1
github.com/lemondevxyz/ft/internal/model/operation.go:398.31,400.4 1 1
github.com/lemondevxyz/ft/internal/model/operation.go:402.31,406.4 3 1
github.com/lemondevxyz/ft/internal/model/operation.go:409.29,409.54 1 1
github.com/lemondevxyz/ft/internal/model/operation.go:412.32,415.12 3 1
github.com/lemondevxyz/ft/internal/model/operation.go:420.60,422.12 2 1
github.com/lemondevxyz/ft/internal/model/operation.go:426.17,428.12 2 1
github.com/lemondevxyz/ft/internal/model/operation.go:434.26,436.4 1 1
github.com/lemondevxyz/ft/internal/model/operation.go:444.39,446.12 2 1
github.com/lemondevxyz/ft/internal/model/operation.go:452.31,454.20 2 1
github.com/lemondevxyz/ft/internal/model/operation.go:457.4,457.18 1 1
github.com/lemondevxyz/ft/internal/model/operation.go:454.20,456.5 1 1
github.com/lemondevxyz/ft/internal/model/operation.go:472.86,480.2 1 1
github.com/lemondevxyz/ft/internal/model/operation.go:482.83,489.2 1 1
github.com/lemondevxyz/ft/internal/model/operation.go:496.56,503.2 1 1
github.com/lemondevxyz/ft/internal/model/operation.go:505.57,507.2 1 1
github.com/lemondevxyz/ft/internal/model/operation.go:509.61,511.22 2 1
github.com/lemondevxyz/ft/internal/model/operation.go:515.2,515.12 1 1
github.com/lemondevxyz/ft/internal/model/operation.go:511.22,513.3 1 1
github.com/lemondevxyz/ft/internal/model/operation.go:518.92,520.16 2 1
github.com/lemondevxyz/ft/internal/model/operation.go:524.2,525.16 2 1
github.com/lemondevxyz/ft/internal/model/operation.go:529.2,530.16 2 1
github.com/lemondevxyz/ft/internal/model/operation.go:535.2,535.34 1 1
github.com/lemondevxyz/ft/internal/model/operation.go:520.16,522.3 1 1
github.com/lemondevxyz/ft/internal/model/operation.go:525.16,527.3 1 1
github.com/lemondevxyz/ft/internal/model/operation.go:530.16,533.3 2 1
github.com/lemondevxyz/ft/internal/model/operation.go:538.33,539.24 1 1
github.com/lemondevxyz/ft/internal/model/operation.go:539.24,541.3 1 1
github.com/lemondevxyz/ft/internal/model/operation.go:544.53,545.16 1 1
github.com/lemondevxyz/ft/internal/model/operation.go:545.16,547.3 1 1
github.com/lemondevxyz/ft/internal/model/operation.go:559.56,560.37 1 1
github.com/lemondevxyz/ft/internal/model/operation.go:566.2,566.31 1 1
github.com/lemondevxyz/ft/internal/model/operation.go:570.2,572.26 2 1
github.com/lemondevxyz/ft/internal/model/operation.go:560.37,562.3 1 1
github.com/lemondevxyz/ft/internal/model/operation.go:562.8,562.38 1 1
github.com/lemondevxyz/ft/internal/model/operation.go:562.38,564.3 1 1
github.com/lemondevxyz/ft/internal/model/operation.go:566.31,568.3 1 1
github.com/lemondevxyz/ft/internal/model/operation.go:582.57,585.24 2 1
github.com/lemondevxyz/ft/internal/model/operation.go:591.2,591.15 1 1
github.com/lemondevxyz/ft/internal/model/operation.go:585.24,589.3 2 1
github.com/lemondevxyz/ft/internal/model/sorcerer.go:11.36,15.2 3 1
github.com/lemondevxyz/ft/internal/model/sorcerer.go:17.43,21.2 3 1
github.com/lemondevxyz/ft/internal/model/sorcerer.go:23.35,27.2 3 1
github.com/lemondevxyz/ft/internal/model/sorcerer.go:29.42,33.2 3 1
github.com/lemondevxyz/ft/internal/model/controller.go:30.54,32.2 1 1
github.com/lemondevxyz/ft/internal/model/controller.go:34.56,35.18 1 1
github.com/lemondevxyz/ft/internal/model/controller.go:39.2,39.18 1 1
github.com/lemondevxyz/ft/internal/model/controller.go:43.2,43.18 1 1
github.com/lemondevxyz/ft/internal/model/controller.go:47.2,47.26 1 1
github.com/lemondevxyz/ft/internal/model/controller.go:35.18,37.3 1 1
github.com/lemondevxyz/ft/internal/model/controller.go:39.18,41.3 1 1
github.com/lemondevxyz/ft/internal/model/controller.go:43.18,45.3 1 1
github.com/lemondevxyz/ft/internal/model/controller.go:50.55,52.16 2 1
github.com/lemondevxyz/ft/internal/model/controller.go:57.2,57.12 1 1
github.com/lemondevxyz/ft/internal/model/controller.go:52.16,55.3 2 1
github.com/lemondevxyz/ft/internal/model/controller.go:60.53,61.18 1 1
github.com/lemondevxyz/ft/internal/model/controller.go:65.2,65.18 1 1
github.com/lemondevxyz/ft/internal/model/controller.go:69.2,69.24 1 1
github.com/lemondevxyz/ft/internal/model/controller.go:61.18,63.3 1 1
github.com/lemondevxyz/ft/internal/model/controller.go:65.18,67.3 1 1
